<?xml version="1.0" encoding="UTF-8" ?>
<testsuite tests="1" failures="0" name="lab1.ear.JAXWSProviderTest" time="0.437" errors="0" skipped="0">
  <properties>
    <property name="java.runtime.name" value="Java(TM) SE Runtime Environment"/>
    <property name="sun.boot.library.path" value="/Library/Java/JavaVirtualMachines/jdk1.8.0_74.jdk/Contents/Home/jre/lib"/>
    <property name="java.vm.version" value="25.74-b02"/>
    <property name="gopherProxySet" value="false"/>
    <property name="java.vm.vendor" value="Oracle Corporation"/>
    <property name="java.vendor.url" value="http://java.oracle.com/"/>
    <property name="path.separator" value=":"/>
    <property name="java.vm.name" value="Java HotSpot(TM) 64-Bit Server VM"/>
    <property name="file.encoding.pkg" value="sun.io"/>
    <property name="user.country" value="PL"/>
    <property name="sun.java.launcher" value="SUN_STANDARD"/>
    <property name="sun.os.patch.level" value="unknown"/>
    <property name="log4j.output.dir" value="/Users/Tomek/soa1/target"/>
    <property name="java.vm.specification.name" value="Java Virtual Machine Specification"/>
    <property name="user.dir" value="/Users/Tomek/soa1"/>
    <property name="java.runtime.version" value="1.8.0_74-b02"/>
    <property name="java.awt.graphicsenv" value="sun.awt.CGraphicsEnvironment"/>
    <property name="basedir" value="/Users/Tomek/soa1"/>
    <property name="java.endorsed.dirs" value="/Library/Java/JavaVirtualMachines/jdk1.8.0_74.jdk/Contents/Home/jre/lib/endorsed"/>
    <property name="os.arch" value="x86_64"/>
    <property name="surefire.real.class.path" value="/Users/Tomek/soa1/target/surefire/surefirebooter4155033774446275470.jar"/>
    <property name="java.io.tmpdir" value="/var/folders/yh/w4fk9qw10mb059hyy7plhkxh0000gn/T/"/>
    <property name="line.separator" value="
"/>
    <property name="java.vm.specification.vendor" value="Oracle Corporation"/>
    <property name="os.name" value="Mac OS X"/>
    <property name="sun.jnu.encoding" value="UTF-8"/>
    <property name="java.library.path" value="/Users/Tomek/Library/Java/Extensions:/Library/Java/Extensions:/Network/Library/Java/Extensions:/System/Library/Java/Extensions:/usr/lib/java:."/>
    <property name="surefire.test.class.path" value="/Users/Tomek/soa1/target/test-classes:/Users/Tomek/soa1/target/classes:/Users/Tomek/.m2/repository/javax/activation/activation/1.1.1/activation-1.1.1.jar:/Users/Tomek/.m2/repository/javax/enterprise/cdi-api/1.1/cdi-api-1.1.jar:/Users/Tomek/.m2/repository/javax/inject/javax.inject/1/javax.inject-1.jar:/Users/Tomek/.m2/repository/javax/jws/jsr181-api/1.0-MR1/jsr181-api-1.0-MR1.jar:/Users/Tomek/.m2/repository/com/sun/mail/javax.mail/1.5.1/javax.mail-1.5.1.jar:/Users/Tomek/.m2/repository/javax/validation/validation-api/1.1.0.Final/validation-api-1.1.0.Final.jar:/Users/Tomek/.m2/repository/org/hibernate/javax/persistence/hibernate-jpa-2.1-api/1.0.0.Final/hibernate-jpa-2.1-api-1.0.0.Final.jar:/Users/Tomek/.m2/repository/org/jboss/spec/javax/annotation/jboss-annotations-api_1.2_spec/1.0.0.Final/jboss-annotations-api_1.2_spec-1.0.0.Final.jar:/Users/Tomek/.m2/repository/org/jboss/spec/javax/batch/jboss-batch-api_1.0_spec/1.0.0.Final/jboss-batch-api_1.0_spec-1.0.0.Final.jar:/Users/Tomek/.m2/repository/org/jboss/spec/javax/ejb/jboss-ejb-api_3.2_spec/1.0.0.Final/jboss-ejb-api_3.2_spec-1.0.0.Final.jar:/Users/Tomek/.m2/repository/org/jboss/spec/javax/el/jboss-el-api_3.0_spec/1.0.0.Final/jboss-el-api_3.0_spec-1.0.0.Final.jar:/Users/Tomek/.m2/repository/org/jboss/spec/javax/enterprise/concurrent/jboss-concurrency-api_1.0_spec/1.0.0.Final/jboss-concurrency-api_1.0_spec-1.0.0.Final.jar:/Users/Tomek/.m2/repository/org/jboss/spec/javax/faces/jboss-jsf-api_2.2_spec/2.2.5/jboss-jsf-api_2.2_spec-2.2.5.jar:/Users/Tomek/.m2/repository/org/jboss/spec/javax/interceptor/jboss-interceptors-api_1.2_spec/1.0.0.Final/jboss-interceptors-api_1.2_spec-1.0.0.Final.jar:/Users/Tomek/.m2/repository/org/jboss/spec/javax/json/jboss-json-api_1.0_spec/1.0.0.Final/jboss-json-api_1.0_spec-1.0.0.Final.jar:/Users/Tomek/.m2/repository/org/jboss/spec/javax/management/j2ee/jboss-j2eemgmt-api_1.1_spec/1.0.1.Final/jboss-j2eemgmt-api_1.1_spec-1.0.1.Final.jar:/Users/Tomek/.m2/repository/org/jboss/spec/javax/resource/jboss-connector-api_1.7_spec/1.0.0.Final/jboss-connector-api_1.7_spec-1.0.0.Final.jar:/Users/Tomek/.m2/repository/org/jboss/spec/javax/rmi/jboss-rmi-api_1.0_spec/1.0.4.Final/jboss-rmi-api_1.0_spec-1.0.4.Final.jar:/Users/Tomek/.m2/repository/org/jboss/spec/javax/security/jacc/jboss-jacc-api_1.5_spec/1.0.0.Final/jboss-jacc-api_1.5_spec-1.0.0.Final.jar:/Users/Tomek/.m2/repository/org/jboss/spec/javax/security/auth/message/jboss-jaspi-api_1.1_spec/1.0.0.Final/jboss-jaspi-api_1.1_spec-1.0.0.Final.jar:/Users/Tomek/.m2/repository/org/jboss/spec/javax/jms/jboss-jms-api_2.0_spec/1.0.0.Final/jboss-jms-api_2.0_spec-1.0.0.Final.jar:/Users/Tomek/.m2/repository/org/jboss/spec/javax/servlet/jboss-servlet-api_3.1_spec/1.0.0.Final/jboss-servlet-api_3.1_spec-1.0.0.Final.jar:/Users/Tomek/.m2/repository/org/jboss/spec/javax/servlet/jsp/jboss-jsp-api_2.3_spec/1.0.0.Final/jboss-jsp-api_2.3_spec-1.0.0.Final.jar:/Users/Tomek/.m2/repository/org/jboss/spec/javax/servlet/jstl/jboss-jstl-api_1.2_spec/1.0.4.Final/jboss-jstl-api_1.2_spec-1.0.4.Final.jar:/Users/Tomek/.m2/repository/org/jboss/spec/javax/transaction/jboss-transaction-api_1.2_spec/1.0.0.Final/jboss-transaction-api_1.2_spec-1.0.0.Final.jar:/Users/Tomek/.m2/repository/org/jboss/resteasy/jaxrs-api/3.0.6.Final/jaxrs-api-3.0.6.Final.jar:/Users/Tomek/.m2/repository/org/jboss/spec/javax/websocket/jboss-websocket-api_1.0_spec/1.0.0.Final/jboss-websocket-api_1.0_spec-1.0.0.Final.jar:/Users/Tomek/.m2/repository/org/jboss/spec/javax/xml/bind/jboss-jaxb-api_2.2_spec/1.0.4.Final/jboss-jaxb-api_2.2_spec-1.0.4.Final.jar:/Users/Tomek/.m2/repository/org/jboss/spec/javax/xml/soap/jboss-saaj-api_1.3_spec/1.0.3.Final/jboss-saaj-api_1.3_spec-1.0.3.Final.jar:/Users/Tomek/.m2/repository/org/jboss/spec/javax/xml/ws/jboss-jaxws-api_2.2_spec/2.0.2.Final/jboss-jaxws-api_2.2_spec-2.0.2.Final.jar:/Users/Tomek/.m2/repository/org/jboss/ws/cxf/jbossws-cxf-client/5.1.1.Final/jbossws-cxf-client-5.1.1.Final.jar:/Users/Tomek/.m2/repository/org/jboss/ws/jbossws-api/1.0.3.Final/jbossws-api-1.0.3.Final.jar:/Users/Tomek/.m2/repository/org/jboss/ws/jbossws-common/3.1.1.Final/jbossws-common-3.1.1.Final.jar:/Users/Tomek/.m2/repository/jboss/jaxbintros/jboss-jaxb-intros/1.0.2.GA/jboss-jaxb-intros-1.0.2.GA.jar:/Users/Tomek/.m2/repository/commons-beanutils/commons-beanutils/1.8.0/commons-beanutils-1.8.0.jar:/Users/Tomek/.m2/repository/commons-logging/commons-logging/1.1.1/commons-logging-1.1.1.jar:/Users/Tomek/.m2/repository/org/jboss/ws/jbossws-common-tools/1.2.2.Final/jbossws-common-tools-1.2.2.Final.jar:/Users/Tomek/.m2/repository/gnu/getopt/java-getopt/1.0.13/java-getopt-1.0.13.jar:/Users/Tomek/.m2/repository/org/jboss/ws/jbossws-spi/3.1.0.Final/jbossws-spi-3.1.0.Final.jar:/Users/Tomek/.m2/repository/org/jboss/ws/cxf/jbossws-cxf-factories/5.1.1.Final/jbossws-cxf-factories-5.1.1.Final.jar:/Users/Tomek/.m2/repository/org/jboss/ws/cxf/jbossws-cxf-transports-udp/5.1.1.Final/jbossws-cxf-transports-udp-5.1.1.Final.jar:/Users/Tomek/.m2/repository/org/jboss/ws/cxf/jbossws-cxf-transports-undertow/5.1.1.Final/jbossws-cxf-transports-undertow-5.1.1.Final.jar:/Users/Tomek/.m2/repository/org/jboss/ws/projects/jaxws-undertow-httpspi/1.0.1.Final/jaxws-undertow-httpspi-1.0.1.Final.jar:/Users/Tomek/.m2/repository/io/undertow/undertow-core/1.0.10.Final/undertow-core-1.0.10.Final.jar:/Users/Tomek/.m2/repository/org/jboss/xnio/xnio-api/3.2.0.Final/xnio-api-3.2.0.Final.jar:/Users/Tomek/.m2/repository/org/jboss/xnio/xnio-nio/3.2.0.Final/xnio-nio-3.2.0.Final.jar:/Users/Tomek/.m2/repository/org/apache/cxf/cxf-rt-bindings-soap/3.1.4/cxf-rt-bindings-soap-3.1.4.jar:/Users/Tomek/.m2/repository/org/apache/cxf/cxf-core/3.1.4/cxf-core-3.1.4.jar:/Users/Tomek/.m2/repository/org/apache/ws/xmlschema/xmlschema-core/2.2.1/xmlschema-core-2.2.1.jar:/Users/Tomek/.m2/repository/org/apache/cxf/cxf-rt-wsdl/3.1.4/cxf-rt-wsdl-3.1.4.jar:/Users/Tomek/.m2/repository/org/apache/cxf/cxf-rt-databinding-jaxb/3.1.4/cxf-rt-databinding-jaxb-3.1.4.jar:/Users/Tomek/.m2/repository/org/apache/cxf/cxf-rt-bindings-object/3.1.4/cxf-rt-bindings-object-3.1.4.jar:/Users/Tomek/.m2/repository/org/apache/cxf/cxf-rt-bindings-coloc/3.1.4/cxf-rt-bindings-coloc-3.1.4.jar:/Users/Tomek/.m2/repository/org/apache/cxf/cxf-rt-frontend-jaxws/3.1.4/cxf-rt-frontend-jaxws-3.1.4.jar:/Users/Tomek/.m2/repository/xml-resolver/xml-resolver/1.2/xml-resolver-1.2.jar:/Users/Tomek/.m2/repository/org/ow2/asm/asm/5.0.4/asm-5.0.4.jar:/Users/Tomek/.m2/repository/org/apache/cxf/cxf-rt-bindings-xml/3.1.4/cxf-rt-bindings-xml-3.1.4.jar:/Users/Tomek/.m2/repository/org/apache/cxf/cxf-rt-frontend-simple/3.1.4/cxf-rt-frontend-simple-3.1.4.jar:/Users/Tomek/.m2/repository/org/apache/cxf/cxf-rt-ws-addr/3.1.4/cxf-rt-ws-addr-3.1.4.jar:/Users/Tomek/.m2/repository/org/apache/cxf/cxf-rt-transports-http/3.1.4/cxf-rt-transports-http-3.1.4.jar:/Users/Tomek/.m2/repository/org/apache/cxf/cxf-rt-transports-http-hc/3.1.4/cxf-rt-transports-http-hc-3.1.4.jar:/Users/Tomek/.m2/repository/org/apache/httpcomponents/httpcore-nio/4.4.1/httpcore-nio-4.4.1.jar:/Users/Tomek/.m2/repository/org/apache/httpcomponents/httpcore/4.4.1/httpcore-4.4.1.jar:/Users/Tomek/.m2/repository/org/apache/httpcomponents/httpasyncclient/4.1/httpasyncclient-4.1.jar:/Users/Tomek/.m2/repository/org/apache/httpcomponents/httpclient/4.4.1/httpclient-4.4.1.jar:/Users/Tomek/.m2/repository/org/apache/cxf/cxf-rt-transports-jms/3.1.4/cxf-rt-transports-jms-3.1.4.jar:/Users/Tomek/.m2/repository/org/apache/cxf/cxf-rt-transports-local/3.1.4/cxf-rt-transports-local-3.1.4.jar:/Users/Tomek/.m2/repository/org/apache/cxf/cxf-rt-ws-mex/3.1.4/cxf-rt-ws-mex-3.1.4.jar:/Users/Tomek/.m2/repository/org/apache/cxf/cxf-rt-ws-rm/3.1.4/cxf-rt-ws-rm-3.1.4.jar:/Users/Tomek/.m2/repository/org/apache/cxf/cxf-rt-management/3.1.4/cxf-rt-management-3.1.4.jar:/Users/Tomek/.m2/repository/org/apache/wss4j/wss4j-policy/2.1.4/wss4j-policy-2.1.4.jar:/Users/Tomek/.m2/repository/org/apache/cxf/cxf-rt-ws-policy/3.1.4/cxf-rt-ws-policy-3.1.4.jar:/Users/Tomek/.m2/repository/wsdl4j/wsdl4j/1.6.3/wsdl4j-1.6.3.jar:/Users/Tomek/.m2/repository/org/apache/neethi/neethi/3.0.3/neethi-3.0.3.jar:/Users/Tomek/.m2/repository/org/apache/cxf/cxf-rt-ws-security/3.1.4/cxf-rt-ws-security-3.1.4.jar:/Users/Tomek/.m2/repository/org/apache/cxf/cxf-rt-security-saml/3.1.4/cxf-rt-security-saml-3.1.4.jar:/Users/Tomek/.m2/repository/org/apache/cxf/cxf-rt-security/3.1.4/cxf-rt-security-3.1.4.jar:/Users/Tomek/.m2/repository/org/apache/wss4j/wss4j-ws-security-common/2.1.4/wss4j-ws-security-common-2.1.4.jar:/Users/Tomek/.m2/repository/org/opensaml/opensaml-saml-impl/3.1.1/opensaml-saml-impl-3.1.1.jar:/Users/Tomek/.m2/repository/org/opensaml/opensaml-profile-api/3.1.1/opensaml-profile-api-3.1.1.jar:/Users/Tomek/.m2/repository/org/opensaml/opensaml-core/3.1.1/opensaml-core-3.1.1.jar:/Users/Tomek/.m2/repository/org/opensaml/opensaml-saml-api/3.1.1/opensaml-saml-api-3.1.1.jar:/Users/Tomek/.m2/repository/org/opensaml/opensaml-xmlsec-api/3.1.1/opensaml-xmlsec-api-3.1.1.jar:/Users/Tomek/.m2/repository/org/opensaml/opensaml-soap-api/3.1.1/opensaml-soap-api-3.1.1.jar:/Users/Tomek/.m2/repository/org/opensaml/opensaml-security-impl/3.1.1/opensaml-security-impl-3.1.1.jar:/Users/Tomek/.m2/repository/org/opensaml/opensaml-security-api/3.1.1/opensaml-security-api-3.1.1.jar:/Users/Tomek/.m2/repository/org/cryptacular/cryptacular/1.0/cryptacular-1.0.jar:/Users/Tomek/.m2/repository/org/bouncycastle/bcprov-jdk15on/1.51/bcprov-jdk15on-1.51.jar:/Users/Tomek/.m2/repository/org/opensaml/opensaml-xmlsec-impl/3.1.1/opensaml-xmlsec-impl-3.1.1.jar:/Users/Tomek/.m2/repository/net/shibboleth/utilities/java-support/7.1.1/java-support-7.1.1.jar:/Users/Tomek/.m2/repository/com/google/guava/guava/18.0/guava-18.0.jar:/Users/Tomek/.m2/repository/joda-time/joda-time/2.7/joda-time-2.7.jar:/Users/Tomek/.m2/repository/org/opensaml/opensaml-xacml-impl/3.1.1/opensaml-xacml-impl-3.1.1.jar:/Users/Tomek/.m2/repository/org/opensaml/opensaml-xacml-api/3.1.1/opensaml-xacml-api-3.1.1.jar:/Users/Tomek/.m2/repository/org/opensaml/opensaml-xacml-saml-impl/3.1.1/opensaml-xacml-saml-impl-3.1.1.jar:/Users/Tomek/.m2/repository/org/opensaml/opensaml-xacml-saml-api/3.1.1/opensaml-xacml-saml-api-3.1.1.jar:/Users/Tomek/.m2/repository/org/jasypt/jasypt/1.9.2/jasypt-1.9.2.jar:/Users/Tomek/.m2/repository/net/sf/ehcache/ehcache/2.9.0/ehcache-2.9.0.jar:/Users/Tomek/.m2/repository/org/apache/wss4j/wss4j-ws-security-dom/2.1.4/wss4j-ws-security-dom-2.1.4.jar:/Users/Tomek/.m2/repository/org/apache/wss4j/wss4j-ws-security-stax/2.1.4/wss4j-ws-security-stax-2.1.4.jar:/Users/Tomek/.m2/repository/org/apache/wss4j/wss4j-bindings/2.1.4/wss4j-bindings-2.1.4.jar:/Users/Tomek/.m2/repository/org/apache/wss4j/wss4j-ws-security-policy-stax/2.1.4/wss4j-ws-security-policy-stax-2.1.4.jar:/Users/Tomek/.m2/repository/org/apache/cxf/cxf-tools-java2ws/3.1.4/cxf-tools-java2ws-3.1.4.jar:/Users/Tomek/.m2/repository/org/apache/cxf/cxf-tools-common/3.1.4/cxf-tools-common-3.1.4.jar:/Users/Tomek/.m2/repository/org/apache/cxf/cxf-rt-databinding-aegis/3.1.4/cxf-rt-databinding-aegis-3.1.4.jar:/Users/Tomek/.m2/repository/org/apache/cxf/cxf-tools-wsdlto-core/3.1.4/cxf-tools-wsdlto-core-3.1.4.jar:/Users/Tomek/.m2/repository/org/apache/cxf/cxf-tools-validator/3.1.4/cxf-tools-validator-3.1.4.jar:/Users/Tomek/.m2/repository/org/apache/cxf/cxf-tools-wsdlto-databinding-jaxb/3.1.4/cxf-tools-wsdlto-databinding-jaxb-3.1.4.jar:/Users/Tomek/.m2/repository/org/apache/cxf/cxf-tools-wsdlto-frontend-jaxws/3.1.4/cxf-tools-wsdlto-frontend-jaxws-3.1.4.jar:/Users/Tomek/.m2/repository/org/apache/cxf/services/ws-discovery/cxf-services-ws-discovery-api/3.1.4/cxf-services-ws-discovery-api-3.1.4.jar:/Users/Tomek/.m2/repository/org/apache/cxf/xjcplugins/cxf-xjc-boolean/3.0.5/cxf-xjc-boolean-3.0.5.jar:/Users/Tomek/.m2/repository/org/apache/cxf/xjcplugins/cxf-xjc-bug986/3.0.5/cxf-xjc-bug986-3.0.5.jar:/Users/Tomek/.m2/repository/org/apache/cxf/xjcplugins/cxf-xjc-dv/3.0.5/cxf-xjc-dv-3.0.5.jar:/Users/Tomek/.m2/repository/org/apache/cxf/xjcplugins/cxf-xjc-ts/3.0.5/cxf-xjc-ts-3.0.5.jar:/Users/Tomek/.m2/repository/org/apache/cxf/xjc-utils/cxf-xjc-runtime/3.0.5/cxf-xjc-runtime-3.0.5.jar:/Users/Tomek/.m2/repository/javax/xml/bind/jaxb-api/2.2.12/jaxb-api-2.2.12.jar:/Users/Tomek/.m2/repository/org/apache/velocity/velocity/1.7/velocity-1.7.jar:/Users/Tomek/.m2/repository/commons-collections/commons-collections/3.2.1/commons-collections-3.2.1.jar:/Users/Tomek/.m2/repository/commons-lang/commons-lang/2.6/commons-lang-2.6.jar:/Users/Tomek/.m2/repository/javax/xml/stream/stax-api/1.0-2/stax-api-1.0-2.jar:/Users/Tomek/.m2/repository/com/sun/xml/fastinfoset/FastInfoset/1.2.12/FastInfoset-1.2.12.jar:/Users/Tomek/.m2/repository/org/apache/santuario/xmlsec/2.0.5/xmlsec-2.0.5.jar:/Users/Tomek/.m2/repository/commons-codec/commons-codec/1.10/commons-codec-1.10.jar:/Users/Tomek/.m2/repository/org/codehaus/woodstox/woodstox-core-asl/4.4.1/woodstox-core-asl-4.4.1.jar:/Users/Tomek/.m2/repository/org/codehaus/woodstox/stax2-api/3.1.4/stax2-api-3.1.4.jar:/Users/Tomek/.m2/repository/asm/asm/3.3.1/asm-3.3.1.jar:/Users/Tomek/.m2/repository/org/jboss/spec/javax/servlet/jboss-servlet-api_3.0_spec/1.0.2.Final/jboss-servlet-api_3.0_spec-1.0.2.Final.jar:/Users/Tomek/.m2/repository/com/sun/xml/bind/jaxb-impl/2.2.11/jaxb-impl-2.2.11.jar:/Users/Tomek/.m2/repository/com/sun/xml/bind/jaxb-xjc/2.2.11/jaxb-xjc-2.2.11.jar:/Users/Tomek/.m2/repository/com/sun/xml/bind/jaxb-core/2.2.11/jaxb-core-2.2.11.jar:/Users/Tomek/.m2/repository/org/jboss/logging/jboss-logging/3.2.1.Final/jboss-logging-3.2.1.Final.jar:/Users/Tomek/.m2/repository/log4j/log4j/1.2.14/log4j-1.2.14.jar:/Users/Tomek/.m2/repository/org/slf4j/slf4j-log4j12/1.6.1/slf4j-log4j12-1.6.1.jar:/Users/Tomek/.m2/repository/org/slf4j/slf4j-api/1.6.1/slf4j-api-1.6.1.jar:/Users/Tomek/.m2/repository/junit/junit/4.8.1/junit-4.8.1.jar:/Users/Tomek/.m2/repository/jboss/jboss-embeddable-ejb3/jboss-ejb3-all/1.0.0.Alpha9/jboss-ejb3-all-1.0.0.Alpha9.jar:"/>
    <property name="java.specification.name" value="Java Platform API Specification"/>
    <property name="java.class.version" value="52.0"/>
    <property name="sun.management.compiler" value="HotSpot 64-Bit Tiered Compilers"/>
    <property name="os.version" value="10.11.3"/>
    <property name="http.nonProxyHosts" value="local|*.local|169.254/16|*.169.254/16"/>
    <property name="user.home" value="/Users/Tomek"/>
    <property name="user.timezone" value="Europe/Warsaw"/>
    <property name="java.awt.printerjob" value="sun.lwawt.macosx.CPrinterJob"/>
    <property name="java.specification.version" value="1.8"/>
    <property name="file.encoding" value="UTF-8"/>
    <property name="user.name" value="Tomek"/>
    <property name="java.class.path" value="/Users/Tomek/soa1/target/test-classes:/Users/Tomek/soa1/target/classes:/Users/Tomek/.m2/repository/javax/activation/activation/1.1.1/activation-1.1.1.jar:/Users/Tomek/.m2/repository/javax/enterprise/cdi-api/1.1/cdi-api-1.1.jar:/Users/Tomek/.m2/repository/javax/inject/javax.inject/1/javax.inject-1.jar:/Users/Tomek/.m2/repository/javax/jws/jsr181-api/1.0-MR1/jsr181-api-1.0-MR1.jar:/Users/Tomek/.m2/repository/com/sun/mail/javax.mail/1.5.1/javax.mail-1.5.1.jar:/Users/Tomek/.m2/repository/javax/validation/validation-api/1.1.0.Final/validation-api-1.1.0.Final.jar:/Users/Tomek/.m2/repository/org/hibernate/javax/persistence/hibernate-jpa-2.1-api/1.0.0.Final/hibernate-jpa-2.1-api-1.0.0.Final.jar:/Users/Tomek/.m2/repository/org/jboss/spec/javax/annotation/jboss-annotations-api_1.2_spec/1.0.0.Final/jboss-annotations-api_1.2_spec-1.0.0.Final.jar:/Users/Tomek/.m2/repository/org/jboss/spec/javax/batch/jboss-batch-api_1.0_spec/1.0.0.Final/jboss-batch-api_1.0_spec-1.0.0.Final.jar:/Users/Tomek/.m2/repository/org/jboss/spec/javax/ejb/jboss-ejb-api_3.2_spec/1.0.0.Final/jboss-ejb-api_3.2_spec-1.0.0.Final.jar:/Users/Tomek/.m2/repository/org/jboss/spec/javax/el/jboss-el-api_3.0_spec/1.0.0.Final/jboss-el-api_3.0_spec-1.0.0.Final.jar:/Users/Tomek/.m2/repository/org/jboss/spec/javax/enterprise/concurrent/jboss-concurrency-api_1.0_spec/1.0.0.Final/jboss-concurrency-api_1.0_spec-1.0.0.Final.jar:/Users/Tomek/.m2/repository/org/jboss/spec/javax/faces/jboss-jsf-api_2.2_spec/2.2.5/jboss-jsf-api_2.2_spec-2.2.5.jar:/Users/Tomek/.m2/repository/org/jboss/spec/javax/interceptor/jboss-interceptors-api_1.2_spec/1.0.0.Final/jboss-interceptors-api_1.2_spec-1.0.0.Final.jar:/Users/Tomek/.m2/repository/org/jboss/spec/javax/json/jboss-json-api_1.0_spec/1.0.0.Final/jboss-json-api_1.0_spec-1.0.0.Final.jar:/Users/Tomek/.m2/repository/org/jboss/spec/javax/management/j2ee/jboss-j2eemgmt-api_1.1_spec/1.0.1.Final/jboss-j2eemgmt-api_1.1_spec-1.0.1.Final.jar:/Users/Tomek/.m2/repository/org/jboss/spec/javax/resource/jboss-connector-api_1.7_spec/1.0.0.Final/jboss-connector-api_1.7_spec-1.0.0.Final.jar:/Users/Tomek/.m2/repository/org/jboss/spec/javax/rmi/jboss-rmi-api_1.0_spec/1.0.4.Final/jboss-rmi-api_1.0_spec-1.0.4.Final.jar:/Users/Tomek/.m2/repository/org/jboss/spec/javax/security/jacc/jboss-jacc-api_1.5_spec/1.0.0.Final/jboss-jacc-api_1.5_spec-1.0.0.Final.jar:/Users/Tomek/.m2/repository/org/jboss/spec/javax/security/auth/message/jboss-jaspi-api_1.1_spec/1.0.0.Final/jboss-jaspi-api_1.1_spec-1.0.0.Final.jar:/Users/Tomek/.m2/repository/org/jboss/spec/javax/jms/jboss-jms-api_2.0_spec/1.0.0.Final/jboss-jms-api_2.0_spec-1.0.0.Final.jar:/Users/Tomek/.m2/repository/org/jboss/spec/javax/servlet/jboss-servlet-api_3.1_spec/1.0.0.Final/jboss-servlet-api_3.1_spec-1.0.0.Final.jar:/Users/Tomek/.m2/repository/org/jboss/spec/javax/servlet/jsp/jboss-jsp-api_2.3_spec/1.0.0.Final/jboss-jsp-api_2.3_spec-1.0.0.Final.jar:/Users/Tomek/.m2/repository/org/jboss/spec/javax/servlet/jstl/jboss-jstl-api_1.2_spec/1.0.4.Final/jboss-jstl-api_1.2_spec-1.0.4.Final.jar:/Users/Tomek/.m2/repository/org/jboss/spec/javax/transaction/jboss-transaction-api_1.2_spec/1.0.0.Final/jboss-transaction-api_1.2_spec-1.0.0.Final.jar:/Users/Tomek/.m2/repository/org/jboss/resteasy/jaxrs-api/3.0.6.Final/jaxrs-api-3.0.6.Final.jar:/Users/Tomek/.m2/repository/org/jboss/spec/javax/websocket/jboss-websocket-api_1.0_spec/1.0.0.Final/jboss-websocket-api_1.0_spec-1.0.0.Final.jar:/Users/Tomek/.m2/repository/org/jboss/spec/javax/xml/bind/jboss-jaxb-api_2.2_spec/1.0.4.Final/jboss-jaxb-api_2.2_spec-1.0.4.Final.jar:/Users/Tomek/.m2/repository/org/jboss/spec/javax/xml/soap/jboss-saaj-api_1.3_spec/1.0.3.Final/jboss-saaj-api_1.3_spec-1.0.3.Final.jar:/Users/Tomek/.m2/repository/org/jboss/spec/javax/xml/ws/jboss-jaxws-api_2.2_spec/2.0.2.Final/jboss-jaxws-api_2.2_spec-2.0.2.Final.jar:/Users/Tomek/.m2/repository/org/jboss/ws/cxf/jbossws-cxf-client/5.1.1.Final/jbossws-cxf-client-5.1.1.Final.jar:/Users/Tomek/.m2/repository/org/jboss/ws/jbossws-api/1.0.3.Final/jbossws-api-1.0.3.Final.jar:/Users/Tomek/.m2/repository/org/jboss/ws/jbossws-common/3.1.1.Final/jbossws-common-3.1.1.Final.jar:/Users/Tomek/.m2/repository/jboss/jaxbintros/jboss-jaxb-intros/1.0.2.GA/jboss-jaxb-intros-1.0.2.GA.jar:/Users/Tomek/.m2/repository/commons-beanutils/commons-beanutils/1.8.0/commons-beanutils-1.8.0.jar:/Users/Tomek/.m2/repository/commons-logging/commons-logging/1.1.1/commons-logging-1.1.1.jar:/Users/Tomek/.m2/repository/org/jboss/ws/jbossws-common-tools/1.2.2.Final/jbossws-common-tools-1.2.2.Final.jar:/Users/Tomek/.m2/repository/gnu/getopt/java-getopt/1.0.13/java-getopt-1.0.13.jar:/Users/Tomek/.m2/repository/org/jboss/ws/jbossws-spi/3.1.0.Final/jbossws-spi-3.1.0.Final.jar:/Users/Tomek/.m2/repository/org/jboss/ws/cxf/jbossws-cxf-factories/5.1.1.Final/jbossws-cxf-factories-5.1.1.Final.jar:/Users/Tomek/.m2/repository/org/jboss/ws/cxf/jbossws-cxf-transports-udp/5.1.1.Final/jbossws-cxf-transports-udp-5.1.1.Final.jar:/Users/Tomek/.m2/repository/org/jboss/ws/cxf/jbossws-cxf-transports-undertow/5.1.1.Final/jbossws-cxf-transports-undertow-5.1.1.Final.jar:/Users/Tomek/.m2/repository/org/jboss/ws/projects/jaxws-undertow-httpspi/1.0.1.Final/jaxws-undertow-httpspi-1.0.1.Final.jar:/Users/Tomek/.m2/repository/io/undertow/undertow-core/1.0.10.Final/undertow-core-1.0.10.Final.jar:/Users/Tomek/.m2/repository/org/jboss/xnio/xnio-api/3.2.0.Final/xnio-api-3.2.0.Final.jar:/Users/Tomek/.m2/repository/org/jboss/xnio/xnio-nio/3.2.0.Final/xnio-nio-3.2.0.Final.jar:/Users/Tomek/.m2/repository/org/apache/cxf/cxf-rt-bindings-soap/3.1.4/cxf-rt-bindings-soap-3.1.4.jar:/Users/Tomek/.m2/repository/org/apache/cxf/cxf-core/3.1.4/cxf-core-3.1.4.jar:/Users/Tomek/.m2/repository/org/apache/ws/xmlschema/xmlschema-core/2.2.1/xmlschema-core-2.2.1.jar:/Users/Tomek/.m2/repository/org/apache/cxf/cxf-rt-wsdl/3.1.4/cxf-rt-wsdl-3.1.4.jar:/Users/Tomek/.m2/repository/org/apache/cxf/cxf-rt-databinding-jaxb/3.1.4/cxf-rt-databinding-jaxb-3.1.4.jar:/Users/Tomek/.m2/repository/org/apache/cxf/cxf-rt-bindings-object/3.1.4/cxf-rt-bindings-object-3.1.4.jar:/Users/Tomek/.m2/repository/org/apache/cxf/cxf-rt-bindings-coloc/3.1.4/cxf-rt-bindings-coloc-3.1.4.jar:/Users/Tomek/.m2/repository/org/apache/cxf/cxf-rt-frontend-jaxws/3.1.4/cxf-rt-frontend-jaxws-3.1.4.jar:/Users/Tomek/.m2/repository/xml-resolver/xml-resolver/1.2/xml-resolver-1.2.jar:/Users/Tomek/.m2/repository/org/ow2/asm/asm/5.0.4/asm-5.0.4.jar:/Users/Tomek/.m2/repository/org/apache/cxf/cxf-rt-bindings-xml/3.1.4/cxf-rt-bindings-xml-3.1.4.jar:/Users/Tomek/.m2/repository/org/apache/cxf/cxf-rt-frontend-simple/3.1.4/cxf-rt-frontend-simple-3.1.4.jar:/Users/Tomek/.m2/repository/org/apache/cxf/cxf-rt-ws-addr/3.1.4/cxf-rt-ws-addr-3.1.4.jar:/Users/Tomek/.m2/repository/org/apache/cxf/cxf-rt-transports-http/3.1.4/cxf-rt-transports-http-3.1.4.jar:/Users/Tomek/.m2/repository/org/apache/cxf/cxf-rt-transports-http-hc/3.1.4/cxf-rt-transports-http-hc-3.1.4.jar:/Users/Tomek/.m2/repository/org/apache/httpcomponents/httpcore-nio/4.4.1/httpcore-nio-4.4.1.jar:/Users/Tomek/.m2/repository/org/apache/httpcomponents/httpcore/4.4.1/httpcore-4.4.1.jar:/Users/Tomek/.m2/repository/org/apache/httpcomponents/httpasyncclient/4.1/httpasyncclient-4.1.jar:/Users/Tomek/.m2/repository/org/apache/httpcomponents/httpclient/4.4.1/httpclient-4.4.1.jar:/Users/Tomek/.m2/repository/org/apache/cxf/cxf-rt-transports-jms/3.1.4/cxf-rt-transports-jms-3.1.4.jar:/Users/Tomek/.m2/repository/org/apache/cxf/cxf-rt-transports-local/3.1.4/cxf-rt-transports-local-3.1.4.jar:/Users/Tomek/.m2/repository/org/apache/cxf/cxf-rt-ws-mex/3.1.4/cxf-rt-ws-mex-3.1.4.jar:/Users/Tomek/.m2/repository/org/apache/cxf/cxf-rt-ws-rm/3.1.4/cxf-rt-ws-rm-3.1.4.jar:/Users/Tomek/.m2/repository/org/apache/cxf/cxf-rt-management/3.1.4/cxf-rt-management-3.1.4.jar:/Users/Tomek/.m2/repository/org/apache/wss4j/wss4j-policy/2.1.4/wss4j-policy-2.1.4.jar:/Users/Tomek/.m2/repository/org/apache/cxf/cxf-rt-ws-policy/3.1.4/cxf-rt-ws-policy-3.1.4.jar:/Users/Tomek/.m2/repository/wsdl4j/wsdl4j/1.6.3/wsdl4j-1.6.3.jar:/Users/Tomek/.m2/repository/org/apache/neethi/neethi/3.0.3/neethi-3.0.3.jar:/Users/Tomek/.m2/repository/org/apache/cxf/cxf-rt-ws-security/3.1.4/cxf-rt-ws-security-3.1.4.jar:/Users/Tomek/.m2/repository/org/apache/cxf/cxf-rt-security-saml/3.1.4/cxf-rt-security-saml-3.1.4.jar:/Users/Tomek/.m2/repository/org/apache/cxf/cxf-rt-security/3.1.4/cxf-rt-security-3.1.4.jar:/Users/Tomek/.m2/repository/org/apache/wss4j/wss4j-ws-security-common/2.1.4/wss4j-ws-security-common-2.1.4.jar:/Users/Tomek/.m2/repository/org/opensaml/opensaml-saml-impl/3.1.1/opensaml-saml-impl-3.1.1.jar:/Users/Tomek/.m2/repository/org/opensaml/opensaml-profile-api/3.1.1/opensaml-profile-api-3.1.1.jar:/Users/Tomek/.m2/repository/org/opensaml/opensaml-core/3.1.1/opensaml-core-3.1.1.jar:/Users/Tomek/.m2/repository/org/opensaml/opensaml-saml-api/3.1.1/opensaml-saml-api-3.1.1.jar:/Users/Tomek/.m2/repository/org/opensaml/opensaml-xmlsec-api/3.1.1/opensaml-xmlsec-api-3.1.1.jar:/Users/Tomek/.m2/repository/org/opensaml/opensaml-soap-api/3.1.1/opensaml-soap-api-3.1.1.jar:/Users/Tomek/.m2/repository/org/opensaml/opensaml-security-impl/3.1.1/opensaml-security-impl-3.1.1.jar:/Users/Tomek/.m2/repository/org/opensaml/opensaml-security-api/3.1.1/opensaml-security-api-3.1.1.jar:/Users/Tomek/.m2/repository/org/cryptacular/cryptacular/1.0/cryptacular-1.0.jar:/Users/Tomek/.m2/repository/org/bouncycastle/bcprov-jdk15on/1.51/bcprov-jdk15on-1.51.jar:/Users/Tomek/.m2/repository/org/opensaml/opensaml-xmlsec-impl/3.1.1/opensaml-xmlsec-impl-3.1.1.jar:/Users/Tomek/.m2/repository/net/shibboleth/utilities/java-support/7.1.1/java-support-7.1.1.jar:/Users/Tomek/.m2/repository/com/google/guava/guava/18.0/guava-18.0.jar:/Users/Tomek/.m2/repository/joda-time/joda-time/2.7/joda-time-2.7.jar:/Users/Tomek/.m2/repository/org/opensaml/opensaml-xacml-impl/3.1.1/opensaml-xacml-impl-3.1.1.jar:/Users/Tomek/.m2/repository/org/opensaml/opensaml-xacml-api/3.1.1/opensaml-xacml-api-3.1.1.jar:/Users/Tomek/.m2/repository/org/opensaml/opensaml-xacml-saml-impl/3.1.1/opensaml-xacml-saml-impl-3.1.1.jar:/Users/Tomek/.m2/repository/org/opensaml/opensaml-xacml-saml-api/3.1.1/opensaml-xacml-saml-api-3.1.1.jar:/Users/Tomek/.m2/repository/org/jasypt/jasypt/1.9.2/jasypt-1.9.2.jar:/Users/Tomek/.m2/repository/net/sf/ehcache/ehcache/2.9.0/ehcache-2.9.0.jar:/Users/Tomek/.m2/repository/org/apache/wss4j/wss4j-ws-security-dom/2.1.4/wss4j-ws-security-dom-2.1.4.jar:/Users/Tomek/.m2/repository/org/apache/wss4j/wss4j-ws-security-stax/2.1.4/wss4j-ws-security-stax-2.1.4.jar:/Users/Tomek/.m2/repository/org/apache/wss4j/wss4j-bindings/2.1.4/wss4j-bindings-2.1.4.jar:/Users/Tomek/.m2/repository/org/apache/wss4j/wss4j-ws-security-policy-stax/2.1.4/wss4j-ws-security-policy-stax-2.1.4.jar:/Users/Tomek/.m2/repository/org/apache/cxf/cxf-tools-java2ws/3.1.4/cxf-tools-java2ws-3.1.4.jar:/Users/Tomek/.m2/repository/org/apache/cxf/cxf-tools-common/3.1.4/cxf-tools-common-3.1.4.jar:/Users/Tomek/.m2/repository/org/apache/cxf/cxf-rt-databinding-aegis/3.1.4/cxf-rt-databinding-aegis-3.1.4.jar:/Users/Tomek/.m2/repository/org/apache/cxf/cxf-tools-wsdlto-core/3.1.4/cxf-tools-wsdlto-core-3.1.4.jar:/Users/Tomek/.m2/repository/org/apache/cxf/cxf-tools-validator/3.1.4/cxf-tools-validator-3.1.4.jar:/Users/Tomek/.m2/repository/org/apache/cxf/cxf-tools-wsdlto-databinding-jaxb/3.1.4/cxf-tools-wsdlto-databinding-jaxb-3.1.4.jar:/Users/Tomek/.m2/repository/org/apache/cxf/cxf-tools-wsdlto-frontend-jaxws/3.1.4/cxf-tools-wsdlto-frontend-jaxws-3.1.4.jar:/Users/Tomek/.m2/repository/org/apache/cxf/services/ws-discovery/cxf-services-ws-discovery-api/3.1.4/cxf-services-ws-discovery-api-3.1.4.jar:/Users/Tomek/.m2/repository/org/apache/cxf/xjcplugins/cxf-xjc-boolean/3.0.5/cxf-xjc-boolean-3.0.5.jar:/Users/Tomek/.m2/repository/org/apache/cxf/xjcplugins/cxf-xjc-bug986/3.0.5/cxf-xjc-bug986-3.0.5.jar:/Users/Tomek/.m2/repository/org/apache/cxf/xjcplugins/cxf-xjc-dv/3.0.5/cxf-xjc-dv-3.0.5.jar:/Users/Tomek/.m2/repository/org/apache/cxf/xjcplugins/cxf-xjc-ts/3.0.5/cxf-xjc-ts-3.0.5.jar:/Users/Tomek/.m2/repository/org/apache/cxf/xjc-utils/cxf-xjc-runtime/3.0.5/cxf-xjc-runtime-3.0.5.jar:/Users/Tomek/.m2/repository/javax/xml/bind/jaxb-api/2.2.12/jaxb-api-2.2.12.jar:/Users/Tomek/.m2/repository/org/apache/velocity/velocity/1.7/velocity-1.7.jar:/Users/Tomek/.m2/repository/commons-collections/commons-collections/3.2.1/commons-collections-3.2.1.jar:/Users/Tomek/.m2/repository/commons-lang/commons-lang/2.6/commons-lang-2.6.jar:/Users/Tomek/.m2/repository/javax/xml/stream/stax-api/1.0-2/stax-api-1.0-2.jar:/Users/Tomek/.m2/repository/com/sun/xml/fastinfoset/FastInfoset/1.2.12/FastInfoset-1.2.12.jar:/Users/Tomek/.m2/repository/org/apache/santuario/xmlsec/2.0.5/xmlsec-2.0.5.jar:/Users/Tomek/.m2/repository/commons-codec/commons-codec/1.10/commons-codec-1.10.jar:/Users/Tomek/.m2/repository/org/codehaus/woodstox/woodstox-core-asl/4.4.1/woodstox-core-asl-4.4.1.jar:/Users/Tomek/.m2/repository/org/codehaus/woodstox/stax2-api/3.1.4/stax2-api-3.1.4.jar:/Users/Tomek/.m2/repository/asm/asm/3.3.1/asm-3.3.1.jar:/Users/Tomek/.m2/repository/org/jboss/spec/javax/servlet/jboss-servlet-api_3.0_spec/1.0.2.Final/jboss-servlet-api_3.0_spec-1.0.2.Final.jar:/Users/Tomek/.m2/repository/com/sun/xml/bind/jaxb-impl/2.2.11/jaxb-impl-2.2.11.jar:/Users/Tomek/.m2/repository/com/sun/xml/bind/jaxb-xjc/2.2.11/jaxb-xjc-2.2.11.jar:/Users/Tomek/.m2/repository/com/sun/xml/bind/jaxb-core/2.2.11/jaxb-core-2.2.11.jar:/Users/Tomek/.m2/repository/org/jboss/logging/jboss-logging/3.2.1.Final/jboss-logging-3.2.1.Final.jar:/Users/Tomek/.m2/repository/log4j/log4j/1.2.14/log4j-1.2.14.jar:/Users/Tomek/.m2/repository/org/slf4j/slf4j-log4j12/1.6.1/slf4j-log4j12-1.6.1.jar:/Users/Tomek/.m2/repository/org/slf4j/slf4j-api/1.6.1/slf4j-api-1.6.1.jar:/Users/Tomek/.m2/repository/junit/junit/4.8.1/junit-4.8.1.jar:/Users/Tomek/.m2/repository/jboss/jboss-embeddable-ejb3/jboss-ejb3-all/1.0.0.Alpha9/jboss-ejb3-all-1.0.0.Alpha9.jar:"/>
    <property name="java.vm.specification.version" value="1.8"/>
    <property name="sun.arch.data.model" value="64"/>
    <property name="java.home" value="/Library/Java/JavaVirtualMachines/jdk1.8.0_74.jdk/Contents/Home/jre"/>
    <property name="sun.java.command" value="/Users/Tomek/soa1/target/surefire/surefirebooter4155033774446275470.jar /Users/Tomek/soa1/target/surefire/surefire5054042459168899838tmp /Users/Tomek/soa1/target/surefire/surefire5062831665373471996tmp"/>
    <property name="java.specification.vendor" value="Oracle Corporation"/>
    <property name="user.language" value="pl"/>
    <property name="awt.toolkit" value="sun.lwawt.macosx.LWCToolkit"/>
    <property name="java.vm.info" value="mixed mode"/>
    <property name="java.version" value="1.8.0_74"/>
    <property name="java.ext.dirs" value="/Users/Tomek/Library/Java/Extensions:/Library/Java/JavaVirtualMachines/jdk1.8.0_74.jdk/Contents/Home/jre/lib/ext:/Library/Java/Extensions:/Network/Library/Java/Extensions:/System/Library/Java/Extensions:/usr/lib/java"/>
    <property name="sun.boot.class.path" value="/Library/Java/JavaVirtualMachines/jdk1.8.0_74.jdk/Contents/Home/jre/lib/resources.jar:/Library/Java/JavaVirtualMachines/jdk1.8.0_74.jdk/Contents/Home/jre/lib/rt.jar:/Library/Java/JavaVirtualMachines/jdk1.8.0_74.jdk/Contents/Home/jre/lib/sunrsasign.jar:/Library/Java/JavaVirtualMachines/jdk1.8.0_74.jdk/Contents/Home/jre/lib/jsse.jar:/Library/Java/JavaVirtualMachines/jdk1.8.0_74.jdk/Contents/Home/jre/lib/jce.jar:/Library/Java/JavaVirtualMachines/jdk1.8.0_74.jdk/Contents/Home/jre/lib/charsets.jar:/Library/Java/JavaVirtualMachines/jdk1.8.0_74.jdk/Contents/Home/jre/lib/jfr.jar:/Library/Java/JavaVirtualMachines/jdk1.8.0_74.jdk/Contents/Home/jre/classes"/>
    <property name="java.vendor" value="Oracle Corporation"/>
    <property name="localRepository" value="/Users/Tomek/.m2/repository"/>
    <property name="file.separator" value="/"/>
    <property name="java.vendor.url.bug" value="http://bugreport.sun.com/bugreport/"/>
    <property name="sun.cpu.endian" value="little"/>
    <property name="sun.io.unicode.encoding" value="UnicodeBig"/>
    <property name="socksNonProxyHosts" value="local|*.local|169.254/16|*.169.254/16"/>
    <property name="ftp.nonProxyHosts" value="local|*.local|169.254/16|*.169.254/16"/>
    <property name="sun.cpu.isalist" value=""/>
  </properties>
  <testcase classname="lab1.ear.JAXWSProviderTest" name="test" time="0.348"/>
</testsuite>